  racers_dll.cpp
D:\YandexDisk\it_netology_tasks\02_course_paper\racers_dll\racers_dll.h(79,20): warning C4244: '=': conversion from 'double' to 'unsigned int', possible loss of data
  (compiling source file 'racers_dll.cpp')
  
D:\YandexDisk\it_netology_tasks\02_course_paper\racers_dll\racers_dll.h(103,29): warning C4305: 'initializing': truncation from 'double' to 'float'
  (compiling source file 'racers_dll.cpp')
  
D:\YandexDisk\it_netology_tasks\02_course_paper\racers_dll\racers_dll.h(104,29): warning C4305: 'initializing': truncation from 'double' to 'float'
  (compiling source file 'racers_dll.cpp')
  
D:\YandexDisk\it_netology_tasks\02_course_paper\racers_dll\racers_dll.h(105,29): warning C4305: 'initializing': truncation from 'double' to 'float'
  (compiling source file 'racers_dll.cpp')
  
D:\YandexDisk\it_netology_tasks\02_course_paper\racers_dll\racers_dll.cpp(5,26): warning C4273: 'racers_dll::RacerBase::getName': inconsistent dll linkage
      D:\YandexDisk\it_netology_tasks\02_course_paper\racers_dll\racers_dll.h(23,34):
      see previous definition of 'racers_dll::RacerBase::getName'
  
D:\YandexDisk\it_netology_tasks\02_course_paper\racers_dll\racers_dll.cpp(9,26): warning C4273: 'racers_dll::RacerGroundBase::getTime': inconsistent dll linkage
      D:\YandexDisk\it_netology_tasks\02_course_paper\racers_dll\racers_dll.h(40,34):
      see previous definition of 'racers_dll::RacerGroundBase::getTime'
  
D:\YandexDisk\it_netology_tasks\02_course_paper\racers_dll\racers_dll.cpp(14,21): warning C4273: 'racers_dll::RacerCamel::getTime': inconsistent dll linkage
      D:\YandexDisk\it_netology_tasks\02_course_paper\racers_dll\racers_dll.h(54,35):
      see previous definition of 'racers_dll::RacerCamel::getTime'
  
D:\YandexDisk\it_netology_tasks\02_course_paper\racers_dll\racers_dll.cpp(17,36): warning C4244: '=': conversion from 'float' to 'unsigned int', possible loss of data
D:\YandexDisk\it_netology_tasks\02_course_paper\racers_dll\racers_dll.cpp(29,25): warning C4273: 'racers_dll::RacerCamelFast::getTime': inconsistent dll linkage
      D:\YandexDisk\it_netology_tasks\02_course_paper\racers_dll\racers_dll.h(83,34):
      see previous definition of 'racers_dll::RacerCamelFast::getTime'
  
D:\YandexDisk\it_netology_tasks\02_course_paper\racers_dll\racers_dll.cpp(32,36): warning C4244: '=': conversion from 'float' to 'unsigned int', possible loss of data
D:\YandexDisk\it_netology_tasks\02_course_paper\racers_dll\racers_dll.cpp(47,23): warning C4273: 'racers_dll::RacerAirBase::getTime': inconsistent dll linkage
      D:\YandexDisk\it_netology_tasks\02_course_paper\racers_dll\racers_dll.h(97,34):
      see previous definition of 'racers_dll::RacerAirBase::getTime'
  
D:\YandexDisk\it_netology_tasks\02_course_paper\racers_dll\racers_dll.cpp(52,27): warning C4273: 'racers_dll::RacerMagicCarpet::getTime': inconsistent dll linkage
      D:\YandexDisk\it_netology_tasks\02_course_paper\racers_dll\racers_dll.h(112,34):
      see previous definition of 'racers_dll::RacerMagicCarpet::getTime'
  
     Creating library D:\YandexDisk\it_netology_tasks\02_course_paper\x64\Debug\racers_dll.lib and object D:\YandexDisk\it_netology_tasks\02_course_paper\x64\Debug\racers_dll.exp
  racers_dll.vcxproj -> D:\YandexDisk\it_netology_tasks\02_course_paper\x64\Debug\racers_dll.dll
  "pwsh.exe" не является внутренней или внешней
  командой, исполняемой программой или пакетным файлом.
